<?xml version="1.0" encoding="UTF-8"?>
<testsuite xmlns:xsi="http://www.w3.org/2001/XMLSchema-instance" xsi:noNamespaceSchemaLocation="https://maven.apache.org/surefire/maven-surefire-plugin/xsd/surefire-test-report.xsd" name="oy.tol.tra.CarListTests" time="0.05" tests="2" errors="0" skipped="0" failures="0">
  <properties>
[...]
</properties>
  <testcase name="addingAndRemovingCarObjects" classname="oy.tol.tra.CarListTests" time="0.035"/>
  <testcase name="testAddingCarObjects" classname="oy.tol.tra.CarListTests" time="0.003"/>
</testsuite>