-------------------------------------------------------------------------------
Test set: oy.tol.tra.SSNTests
-------------------------------------------------------------------------------
Tests run: 3, Failures: 0, Errors: 1, Skipped: 0, Time elapsed: 0.031 s <<< FAILURE! - in oy.tol.tra.SSNTests
invalidSSNTests  Time elapsed: 0.016 s  <<< ERROR!
java.lang.NumberFormatException: For input string: "1p4"
	at oy.tol.tra.SSNTests.invalidSSNTests(SSNTests.java:49)

