<?xml version="1.0" encoding="UTF-8"?>
<testsuite xmlns:xsi="http://www.w3.org/2001/XMLSchema-instance" xsi:noNamespaceSchemaLocation="https://maven.apache.org/surefire/maven-surefire-plugin/xsd/surefire-test-report.xsd" name="oy.tol.tra.SSNTests" time="0.031" tests="3" errors="1" skipped="0" failures="0">
  <properties>
[...]
</properties>
  <testcase name="testSSNTests" classname="oy.tol.tra.SSNTests" time="0.015"/>
  <testcase name="invalidSSNTests" classname="oy.tol.tra.SSNTests" time="0.016">
    <error message="For input string: &quot;1p4&quot;" type="java.lang.NumberFormatException">java.lang.NumberFormatException: For input string: "1p4"
	at oy.tol.tra.SSNTests.invalidSSNTests(SSNTests.java:49)
</error>
  </testcase>
  <testcase name="validSSNTests" classname="oy.tol.tra.SSNTests" time="0"/>
</testsuite>